Arguments: 
  /Users/yuzhenhua/.nvm/versions/node/v10.24.1/bin/node /usr/local/Cellar/yarn/1.22.10/libexec/bin/yarn.js dev

PATH: 
  /Users/yuzhenhua/.nvm/versions/node/v10.24.1/bin:/usr/local/bin:/usr/bin:/bin:/usr/sbin:/sbin:/Applications/VMware Fusion.app/Contents/Public:/Library/Apple/usr/bin:/Users/yuzhenhua/.nvm/versions/node/v10.24.1/bin

Yarn version: 
  1.22.10

Node version: 
  10.24.1

Platform: 
  darwin x64

Trace: 
  SyntaxError: /Users/yuzhenhua/project/yublog/package.json: Unexpected token , in JSON at position 177
      at JSON.parse (<anonymous>)
      at /usr/local/Cellar/yarn/1.22.10/libexec/lib/cli.js:1625:59
      at Generator.next (<anonymous>)
      at step (/usr/local/Cellar/yarn/1.22.10/libexec/lib/cli.js:310:30)
      at /usr/local/Cellar/yarn/1.22.10/libexec/lib/cli.js:321:13

npm manifest: 
  {
    "name": "yublog",
    "version": "1.0.0",
    "main": "index.js",
    "repository": "git@github.com:sxyuzhenhua/yublog.git",
    "author": "wb_yuzhenhua <wb_yuzhenhua@meituan.com>",,
    "scripts": {
        "dev": "vuepress dev docs",
        "build": "vuepress build docs"
    },
    "license": "MIT"
  }

yarn manifest: 
  No manifest

Lockfile: 
  No lockfile
